{"numFailedTestSuites":0,"numFailedTests":0,"numPassedTestSuites":8,"numPassedTests":25,"numPendingTestSuites":0,"numPendingTests":0,"numRuntimeErrorTestSuites":0,"numTodoTests":0,"numTotalTestSuites":8,"numTotalTests":25,"openHandles":[],"snapshot":{"added":0,"didUpdate":false,"failure":false,"filesAdded":0,"filesRemoved":0,"filesRemovedList":[],"filesUnmatched":0,"filesUpdated":0,"matched":0,"total":0,"unchecked":0,"uncheckedKeysByFile":[],"unmatched":0,"updated":0},"startTime":1761545606009,"success":true,"testResults":[{"assertionResults":[{"ancestorTitles":["Startup and DB readiness"],"duration":27,"failureDetails":[],"failureMessages":[],"fullName":"Startup and DB readiness returns 503 on /api/users when DB not connected","invocations":1,"location":null,"numPassingAsserts":2,"retryReasons":[],"status":"passed","title":"returns 503 on /api/users when DB not connected"}],"endTime":1761545607934,"message":"","name":"/home/kavia/workspace/code-generation/data-management-dashboard-144914-144923/mongodb_dashboard_backend/src/utils/app.startup.test.js","startTime":1761545606047,"status":"passed","summary":""},{"assertionResults":[{"ancestorTitles":["GET /api/dev/seed-llm-costs"],"duration":10,"failureDetails":[],"failureMessages":[],"fullName":"GET /api/dev/seed-llm-costs seeds when empty and returns summary (90 days by default)","invocations":1,"location":null,"numPassingAsserts":7,"retryReasons":[],"status":"passed","title":"seeds when empty and returns summary (90 days by default)"}],"endTime":1761545608419,"message":"","name":"/home/kavia/workspace/code-generation/data-management-dashboard-144914-144923/mongodb_dashboard_backend/src/routes/__tests__/dev.seed.llmCosts.test.js","startTime":1761545607962,"status":"passed","summary":""},{"assertionResults":[{"ancestorTitles":["authHash utility"],"duration":464,"failureDetails":[],"failureMessages":[],"fullName":"authHash utility v2 hashing requires tenant.orgSalt, includes optional PEPPER, and verification depends on those values","invocations":1,"location":null,"numPassingAsserts":8,"retryReasons":[],"status":"passed","title":"v2 hashing requires tenant.orgSalt, includes optional PEPPER, and verification depends on those values"},{"ancestorTitles":["authHash utility"],"duration":237,"failureDetails":[],"failureMessages":[],"fullName":"authHash utility hashPassword wrapper defaults to v2 and respects tenant.orgSalt + pepper","invocations":1,"location":null,"numPassingAsserts":3,"retryReasons":[],"status":"passed","title":"hashPassword wrapper defaults to v2 and respects tenant.orgSalt + pepper"},{"ancestorTitles":["authHash utility"],"duration":221,"failureDetails":[],"failureMessages":[],"fullName":"authHash utility verifyAndMigrate: v2 user verifies correctly and rejects wrong password","invocations":1,"location":null,"numPassingAsserts":3,"retryReasons":[],"status":"passed","title":"verifyAndMigrate: v2 user verifies correctly and rejects wrong password"},{"ancestorTitles":["authHash utility"],"duration":168,"failureDetails":[],"failureMessages":[],"fullName":"authHash utility legacy v1 verification succeeds with SECRET_SALT set, and verifyAndMigrate returns migrated=true with new hash/version","invocations":1,"location":null,"numPassingAsserts":8,"retryReasons":[],"status":"passed","title":"legacy v1 verification succeeds with SECRET_SALT set, and verifyAndMigrate returns migrated=true with new hash/version"},{"ancestorTitles":["authHash utility"],"duration":1,"failureDetails":[],"failureMessages":[],"fullName":"authHash utility ensureTenantOrgSalt: generates and persists missing orgSalt (mocked save)","invocations":1,"location":null,"numPassingAsserts":5,"retryReasons":[],"status":"passed","title":"ensureTenantOrgSalt: generates and persists missing orgSalt (mocked save)"},{"ancestorTitles":["authHash utility"],"duration":0,"failureDetails":[],"failureMessages":[],"fullName":"authHash utility ensureTenantOrgSalt: no-op when orgSalt already present, does not call save","invocations":1,"location":null,"numPassingAsserts":2,"retryReasons":[],"status":"passed","title":"ensureTenantOrgSalt: no-op when orgSalt already present, does not call save"},{"ancestorTitles":["authHash utility"],"duration":2,"failureDetails":[],"failureMessages":[],"fullName":"authHash utility ensureTenantOrgSalt: returns ok:false when save fails","invocations":1,"location":null,"numPassingAsserts":2,"retryReasons":[],"status":"passed","title":"ensureTenantOrgSalt: returns ok:false when save fails"},{"ancestorTitles":["authHash utility"],"duration":82,"failureDetails":[],"failureMessages":[],"fullName":"authHash utility hashing v2 throws when tenant.orgSalt is missing; after ensureTenantOrgSalt hashing works","invocations":1,"location":null,"numPassingAsserts":4,"retryReasons":[],"status":"passed","title":"hashing v2 throws when tenant.orgSalt is missing; after ensureTenantOrgSalt hashing works"}],"endTime":1761545609643,"message":"","name":"/home/kavia/workspace/code-generation/data-management-dashboard-144914-144923/mongodb_dashboard_backend/src/utils/test_authHash.test.js","startTime":1761545608425,"status":"passed","summary":""},{"assertionResults":[{"ancestorTitles":["Model defaults for auth-related fields"],"duration":10,"failureDetails":[],"failureMessages":[],"fullName":"Model defaults for auth-related fields Tenant: orgSalt and orgSaltVersion are auto-generated during validate when missing","invocations":1,"location":null,"numPassingAsserts":4,"retryReasons":[],"status":"passed","title":"Tenant: orgSalt and orgSaltVersion are auto-generated during validate when missing"},{"ancestorTitles":["Model defaults for auth-related fields"],"duration":1,"failureDetails":[],"failureMessages":[],"fullName":"Model defaults for auth-related fields User: hashVersion defaults to 2 for new users","invocations":1,"location":null,"numPassingAsserts":2,"retryReasons":[],"status":"passed","title":"User: hashVersion defaults to 2 for new users"}],"endTime":1761545609845,"message":"","name":"/home/kavia/workspace/code-generation/data-management-dashboard-144914-144923/mongodb_dashboard_backend/src/models/test_models_auth_defaults.test.js","startTime":1761545609686,"status":"passed","summary":""},{"assertionResults":[{"ancestorTitles":["llmCost.service aggregateAgentsInApp"],"duration":1,"failureDetails":[],"failureMessages":[],"fullName":"llmCost.service aggregateAgentsInApp aggregates simple two agents and sorts descending with 6 decimals","invocations":1,"location":null,"numPassingAsserts":1,"retryReasons":[],"status":"passed","title":"aggregates simple two agents and sorts descending with 6 decimals"},{"ancestorTitles":["llmCost.service aggregateAgentsInApp"],"duration":1,"failureDetails":[],"failureMessages":[],"fullName":"llmCost.service aggregateAgentsInApp handles malformed values gracefully (ignored or treated as 0)","invocations":1,"location":null,"numPassingAsserts":2,"retryReasons":[],"status":"passed","title":"handles malformed values gracefully (ignored or treated as 0)"},{"ancestorTitles":["llmCost.service aggregateAgentsInApp"],"duration":1,"failureDetails":[],"failureMessages":[],"fullName":"llmCost.service aggregateAgentsInApp defaults missing agent name to \"Unknown\"","invocations":1,"location":null,"numPassingAsserts":2,"retryReasons":[],"status":"passed","title":"defaults missing agent name to \"Unknown\""},{"ancestorTitles":["llmCost.service aggregateAgentsInApp"],"duration":0,"failureDetails":[],"failureMessages":[],"fullName":"llmCost.service aggregateAgentsInApp rounds totals to 6 decimals","invocations":1,"location":null,"numPassingAsserts":1,"retryReasons":[],"status":"passed","title":"rounds totals to 6 decimals"},{"ancestorTitles":["utils.currency parsing and rounding"],"duration":1,"failureDetails":[],"failureMessages":[],"fullName":"utils.currency parsing and rounding parseCurrencyToNumber handles $, commas, and whitespace","invocations":1,"location":null,"numPassingAsserts":4,"retryReasons":[],"status":"passed","title":"parseCurrencyToNumber handles $, commas, and whitespace"},{"ancestorTitles":["utils.currency parsing and rounding"],"duration":1,"failureDetails":[],"failureMessages":[],"fullName":"utils.currency parsing and rounding roundTo rounds to 6 decimals by default","invocations":1,"location":null,"numPassingAsserts":2,"retryReasons":[],"status":"passed","title":"roundTo rounds to 6 decimals by default"}],"endTime":1761545610026,"message":"","name":"/home/kavia/workspace/code-generation/data-management-dashboard-144914-144923/mongodb_dashboard_backend/src/services/__tests__/llmCost.service.test.js","startTime":1761545609853,"status":"passed","summary":""},{"assertionResults":[{"ancestorTitles":["credits util"],"duration":1,"failureDetails":[],"failureMessages":[],"fullName":"credits util getCreditsPerUsd returns default when env not set","invocations":1,"location":null,"numPassingAsserts":2,"retryReasons":[],"status":"passed","title":"getCreditsPerUsd returns default when env not set"},{"ancestorTitles":["credits util"],"duration":1,"failureDetails":[],"failureMessages":[],"fullName":"credits util usdToCredits converts and rounds","invocations":1,"location":null,"numPassingAsserts":3,"retryReasons":[],"status":"passed","title":"usdToCredits converts and rounds"},{"ancestorTitles":["credits util"],"duration":15,"failureDetails":[],"failureMessages":[],"fullName":"credits util formatCredits appends suffix","invocations":1,"location":null,"numPassingAsserts":2,"retryReasons":[],"status":"passed","title":"formatCredits appends suffix"}],"endTime":1761545610097,"message":"","name":"/home/kavia/workspace/code-generation/data-management-dashboard-144914-144923/mongodb_dashboard_backend/src/utils/credits.test.js","startTime":1761545610030,"status":"passed","summary":""},{"assertionResults":[{"ancestorTitles":["credits utils"],"duration":1,"failureDetails":[],"failureMessages":[],"fullName":"credits utils getCreditsPerUsd returns default when env unset","invocations":1,"location":null,"numPassingAsserts":1,"retryReasons":[],"status":"passed","title":"getCreditsPerUsd returns default when env unset"},{"ancestorTitles":["credits utils"],"duration":1,"failureDetails":[],"failureMessages":[],"fullName":"credits utils usdToCredits computes expected integer credits","invocations":1,"location":null,"numPassingAsserts":4,"retryReasons":[],"status":"passed","title":"usdToCredits computes expected integer credits"},{"ancestorTitles":["normalized credits fields for modal consumption"],"duration":2,"failureDetails":[],"failureMessages":[],"fullName":"normalized credits fields for modal consumption contains both camelCase and snake_case credits fields","invocations":1,"location":null,"numPassingAsserts":6,"retryReasons":[],"status":"passed","title":"contains both camelCase and snake_case credits fields"}],"endTime":1761545610147,"message":"","name":"/home/kavia/workspace/code-generation/data-management-dashboard-144914-144923/mongodb_dashboard_backend/src/utils/credits.modal.test.js","startTime":1761545610102,"status":"passed","summary":""},{"assertionResults":[{"ancestorTitles":["overview smoke"],"duration":11,"failureDetails":[],"failureMessages":[],"fullName":"overview smoke GET /api/dashboard/overview/metrics responds or is gracefully unavailable","invocations":1,"location":null,"numPassingAsserts":1,"retryReasons":[],"status":"passed","title":"GET /api/dashboard/overview/metrics responds or is gracefully unavailable"}],"endTime":1761545610534,"message":"","name":"/home/kavia/workspace/code-generation/data-management-dashboard-144914-144923/mongodb_dashboard_backend/src/utils/overview.smoke.test.js","startTime":1761545610155,"status":"passed","summary":""}],"wasInterrupted":false}
