{"numFailedTestSuites":3,"numFailedTests":2,"numPassedTestSuites":5,"numPassedTests":22,"numPendingTestSuites":0,"numPendingTests":0,"numRuntimeErrorTestSuites":1,"numTodoTests":0,"numTotalTestSuites":8,"numTotalTests":24,"openHandles":[],"snapshot":{"added":0,"didUpdate":false,"failure":false,"filesAdded":0,"filesRemoved":0,"filesRemovedList":[],"filesUnmatched":0,"filesUpdated":0,"matched":0,"total":0,"unchecked":0,"uncheckedKeysByFile":[],"unmatched":0,"updated":0},"startTime":1761544757196,"success":false,"testResults":[{"assertionResults":[],"coverage":{},"endTime":1761544764461,"message":"  ● Test suite failed to run\n\n    Your test suite must contain at least one test.\n\n      at onResult (node_modules/@jest/core/build/TestScheduler.js:133:18)\n      at node_modules/@jest/core/build/TestScheduler.js:254:19\n      at node_modules/emittery/index.js:363:13\n          at Array.map (<anonymous>)\n      at Emittery.emit (node_modules/emittery/index.js:361:23)\n","name":"/home/kavia/workspace/code-generation/data-management-dashboard-144914-144923/mongodb_dashboard_backend/src/utils/overview.smoke.test.js","startTime":1761544764461,"status":"failed","summary":""},{"assertionResults":[{"ancestorTitles":["credits utils"],"duration":7,"failureDetails":[],"failureMessages":[],"fullName":"credits utils getCreditsPerUsd returns default when env unset","invocations":1,"location":null,"numPassingAsserts":1,"retryReasons":[],"status":"passed","title":"getCreditsPerUsd returns default when env unset"},{"ancestorTitles":["credits utils"],"duration":5,"failureDetails":[],"failureMessages":[],"fullName":"credits utils usdToCredits computes expected integer credits","invocations":1,"location":null,"numPassingAsserts":4,"retryReasons":[],"status":"passed","title":"usdToCredits computes expected integer credits"},{"ancestorTitles":["normalized credits fields for modal consumption"],"duration":2,"failureDetails":[],"failureMessages":[],"fullName":"normalized credits fields for modal consumption contains both camelCase and snake_case credits fields","invocations":1,"location":null,"numPassingAsserts":6,"retryReasons":[],"status":"passed","title":"contains both camelCase and snake_case credits fields"}],"endTime":1761544757895,"message":"","name":"/home/kavia/workspace/code-generation/data-management-dashboard-144914-144923/mongodb_dashboard_backend/src/utils/credits.modal.test.js","startTime":1761544757423,"status":"passed","summary":""},{"assertionResults":[{"ancestorTitles":["credits util"],"duration":6,"failureDetails":[],"failureMessages":[],"fullName":"credits util getCreditsPerUsd returns default when env not set","invocations":1,"location":null,"numPassingAsserts":2,"retryReasons":[],"status":"passed","title":"getCreditsPerUsd returns default when env not set"},{"ancestorTitles":["credits util"],"duration":5,"failureDetails":[],"failureMessages":[],"fullName":"credits util usdToCredits converts and rounds","invocations":1,"location":null,"numPassingAsserts":3,"retryReasons":[],"status":"passed","title":"usdToCredits converts and rounds"},{"ancestorTitles":["credits util"],"duration":22,"failureDetails":[],"failureMessages":[],"fullName":"credits util formatCredits appends suffix","invocations":1,"location":null,"numPassingAsserts":2,"retryReasons":[],"status":"passed","title":"formatCredits appends suffix"}],"endTime":1761544757934,"message":"","name":"/home/kavia/workspace/code-generation/data-management-dashboard-144914-144923/mongodb_dashboard_backend/src/utils/credits.test.js","startTime":1761544757429,"status":"passed","summary":""},{"assertionResults":[{"ancestorTitles":["llmCost.service aggregateAgentsInApp"],"duration":6,"failureDetails":[],"failureMessages":[],"fullName":"llmCost.service aggregateAgentsInApp aggregates simple two agents and sorts descending with 6 decimals","invocations":1,"location":null,"numPassingAsserts":1,"retryReasons":[],"status":"passed","title":"aggregates simple two agents and sorts descending with 6 decimals"},{"ancestorTitles":["llmCost.service aggregateAgentsInApp"],"duration":1,"failureDetails":[],"failureMessages":[],"fullName":"llmCost.service aggregateAgentsInApp handles malformed values gracefully (ignored or treated as 0)","invocations":1,"location":null,"numPassingAsserts":2,"retryReasons":[],"status":"passed","title":"handles malformed values gracefully (ignored or treated as 0)"},{"ancestorTitles":["llmCost.service aggregateAgentsInApp"],"duration":0,"failureDetails":[],"failureMessages":[],"fullName":"llmCost.service aggregateAgentsInApp defaults missing agent name to \"Unknown\"","invocations":1,"location":null,"numPassingAsserts":2,"retryReasons":[],"status":"passed","title":"defaults missing agent name to \"Unknown\""},{"ancestorTitles":["llmCost.service aggregateAgentsInApp"],"duration":1,"failureDetails":[],"failureMessages":[],"fullName":"llmCost.service aggregateAgentsInApp rounds totals to 6 decimals","invocations":1,"location":null,"numPassingAsserts":1,"retryReasons":[],"status":"passed","title":"rounds totals to 6 decimals"},{"ancestorTitles":["utils.currency parsing and rounding"],"duration":2,"failureDetails":[],"failureMessages":[],"fullName":"utils.currency parsing and rounding parseCurrencyToNumber handles $, commas, and whitespace","invocations":1,"location":null,"numPassingAsserts":4,"retryReasons":[],"status":"passed","title":"parseCurrencyToNumber handles $, commas, and whitespace"},{"ancestorTitles":["utils.currency parsing and rounding"],"duration":1,"failureDetails":[],"failureMessages":[],"fullName":"utils.currency parsing and rounding roundTo rounds to 6 decimals by default","invocations":1,"location":null,"numPassingAsserts":2,"retryReasons":[],"status":"passed","title":"roundTo rounds to 6 decimals by default"}],"endTime":1761544758307,"message":"","name":"/home/kavia/workspace/code-generation/data-management-dashboard-144914-144923/mongodb_dashboard_backend/src/services/__tests__/llmCost.service.test.js","startTime":1761544757435,"status":"passed","summary":""},{"assertionResults":[{"ancestorTitles":["Model defaults for auth-related fields"],"duration":16,"failureDetails":[],"failureMessages":[],"fullName":"Model defaults for auth-related fields Tenant: orgSalt and orgSaltVersion are auto-generated during validate when missing","invocations":1,"location":null,"numPassingAsserts":4,"retryReasons":[],"status":"passed","title":"Tenant: orgSalt and orgSaltVersion are auto-generated during validate when missing"},{"ancestorTitles":["Model defaults for auth-related fields"],"duration":1,"failureDetails":[],"failureMessages":[],"fullName":"Model defaults for auth-related fields User: hashVersion defaults to 2 for new users","invocations":1,"location":null,"numPassingAsserts":2,"retryReasons":[],"status":"passed","title":"User: hashVersion defaults to 2 for new users"}],"endTime":1761544758333,"message":"","name":"/home/kavia/workspace/code-generation/data-management-dashboard-144914-144923/mongodb_dashboard_backend/src/models/test_models_auth_defaults.test.js","startTime":1761544757441,"status":"passed","summary":""},{"assertionResults":[{"ancestorTitles":["GET /api/dev/seed-llm-costs"],"duration":28,"failureDetails":[{"matcherResult":{"actual":404,"expected":200,"message":"expect(received).toBe(expected) // Object.is equality\n\nExpected: 200\nReceived: 404","name":"toBe","pass":false}}],"failureMessages":["Error: expect(received).toBe(expected) // Object.is equality\n\nExpected: 200\nReceived: 404\n    at Object.toBe (/home/kavia/workspace/code-generation/data-management-dashboard-144914-144923/mongodb_dashboard_backend/src/routes/__tests__/dev.seed.llmCosts.test.js:34:24)\n    at processTicksAndRejections (node:internal/process/task_queues:95:5)"],"fullName":"GET /api/dev/seed-llm-costs seeds when empty and returns summary (90 days by default)","invocations":1,"location":null,"numPassingAsserts":0,"retryReasons":[],"status":"failed","title":"seeds when empty and returns summary (90 days by default)"}],"endTime":1761544758895,"message":"  ● GET /api/dev/seed-llm-costs › seeds when empty and returns summary (90 days by default)\n\n    expect(received).toBe(expected) // Object.is equality\n\n    Expected: 200\n    Received: 404\n\n    \u001b[0m \u001b[90m 32 |\u001b[39m   test(\u001b[32m'seeds when empty and returns summary (90 days by default)'\u001b[39m\u001b[33m,\u001b[39m \u001b[36masync\u001b[39m () \u001b[33m=>\u001b[39m {\n     \u001b[90m 33 |\u001b[39m     \u001b[36mconst\u001b[39m res \u001b[33m=\u001b[39m \u001b[36mawait\u001b[39m request(app)\u001b[33m.\u001b[39m\u001b[36mget\u001b[39m(\u001b[32m'/api/dev/seed-llm-costs'\u001b[39m)\u001b[33m;\u001b[39m\n    \u001b[31m\u001b[1m>\u001b[22m\u001b[39m\u001b[90m 34 |\u001b[39m     expect(res\u001b[33m.\u001b[39mstatus)\u001b[33m.\u001b[39mtoBe(\u001b[35m200\u001b[39m)\u001b[33m;\u001b[39m\n     \u001b[90m    |\u001b[39m                        \u001b[31m\u001b[1m^\u001b[22m\u001b[39m\n     \u001b[90m 35 |\u001b[39m     expect(res\u001b[33m.\u001b[39mbody)\u001b[33m.\u001b[39mtoHaveProperty(\u001b[32m'success'\u001b[39m\u001b[33m,\u001b[39m \u001b[36mtrue\u001b[39m)\u001b[33m;\u001b[39m\n     \u001b[90m 36 |\u001b[39m     expect(res\u001b[33m.\u001b[39mbody)\u001b[33m.\u001b[39mtoHaveProperty(\u001b[32m'before'\u001b[39m\u001b[33m,\u001b[39m \u001b[35m0\u001b[39m)\u001b[33m;\u001b[39m\n     \u001b[90m 37 |\u001b[39m     expect(res\u001b[33m.\u001b[39mbody)\u001b[33m.\u001b[39mtoHaveProperty(\u001b[32m'inserted'\u001b[39m)\u001b[33m;\u001b[39m\u001b[0m\n\n      at Object.toBe (src/routes/__tests__/dev.seed.llmCosts.test.js:34:24)\n","name":"/home/kavia/workspace/code-generation/data-management-dashboard-144914-144923/mongodb_dashboard_backend/src/routes/__tests__/dev.seed.llmCosts.test.js","startTime":1761544757421,"status":"failed","summary":""},{"assertionResults":[{"ancestorTitles":["authHash utility"],"duration":490,"failureDetails":[],"failureMessages":[],"fullName":"authHash utility v2 hashing requires tenant.orgSalt, includes optional PEPPER, and verification depends on those values","invocations":1,"location":null,"numPassingAsserts":8,"retryReasons":[],"status":"passed","title":"v2 hashing requires tenant.orgSalt, includes optional PEPPER, and verification depends on those values"},{"ancestorTitles":["authHash utility"],"duration":187,"failureDetails":[],"failureMessages":[],"fullName":"authHash utility hashPassword wrapper defaults to v2 and respects tenant.orgSalt + pepper","invocations":1,"location":null,"numPassingAsserts":3,"retryReasons":[],"status":"passed","title":"hashPassword wrapper defaults to v2 and respects tenant.orgSalt + pepper"},{"ancestorTitles":["authHash utility"],"duration":183,"failureDetails":[],"failureMessages":[],"fullName":"authHash utility verifyAndMigrate: v2 user verifies correctly and rejects wrong password","invocations":1,"location":null,"numPassingAsserts":3,"retryReasons":[],"status":"passed","title":"verifyAndMigrate: v2 user verifies correctly and rejects wrong password"},{"ancestorTitles":["authHash utility"],"duration":137,"failureDetails":[],"failureMessages":[],"fullName":"authHash utility legacy v1 verification succeeds with SECRET_SALT set, and verifyAndMigrate returns migrated=true with new hash/version","invocations":1,"location":null,"numPassingAsserts":8,"retryReasons":[],"status":"passed","title":"legacy v1 verification succeeds with SECRET_SALT set, and verifyAndMigrate returns migrated=true with new hash/version"},{"ancestorTitles":["authHash utility"],"duration":3,"failureDetails":[],"failureMessages":[],"fullName":"authHash utility ensureTenantOrgSalt: generates and persists missing orgSalt (mocked save)","invocations":1,"location":null,"numPassingAsserts":5,"retryReasons":[],"status":"passed","title":"ensureTenantOrgSalt: generates and persists missing orgSalt (mocked save)"},{"ancestorTitles":["authHash utility"],"duration":0,"failureDetails":[],"failureMessages":[],"fullName":"authHash utility ensureTenantOrgSalt: no-op when orgSalt already present, does not call save","invocations":1,"location":null,"numPassingAsserts":2,"retryReasons":[],"status":"passed","title":"ensureTenantOrgSalt: no-op when orgSalt already present, does not call save"},{"ancestorTitles":["authHash utility"],"duration":1,"failureDetails":[],"failureMessages":[],"fullName":"authHash utility ensureTenantOrgSalt: returns ok:false when save fails","invocations":1,"location":null,"numPassingAsserts":2,"retryReasons":[],"status":"passed","title":"ensureTenantOrgSalt: returns ok:false when save fails"},{"ancestorTitles":["authHash utility"],"duration":64,"failureDetails":[],"failureMessages":[],"fullName":"authHash utility hashing v2 throws when tenant.orgSalt is missing; after ensureTenantOrgSalt hashing works","invocations":1,"location":null,"numPassingAsserts":4,"retryReasons":[],"status":"passed","title":"hashing v2 throws when tenant.orgSalt is missing; after ensureTenantOrgSalt hashing works"}],"endTime":1761544758984,"message":"","name":"/home/kavia/workspace/code-generation/data-management-dashboard-144914-144923/mongodb_dashboard_backend/src/utils/test_authHash.test.js","startTime":1761544757424,"status":"passed","summary":""},{"assertionResults":[{"ancestorTitles":["Startup and DB readiness"],"duration":5007,"failureDetails":[{"message":"thrown: \"Exceeded timeout of 5000 ms for a test.\nAdd a timeout value to this test to increase the timeout, if this is a long-running test. See https://jestjs.io/docs/api#testname-fn-timeout.\""}],"failureMessages":["Error: thrown: \"Exceeded timeout of 5000 ms for a test.\nAdd a timeout value to this test to increase the timeout, if this is a long-running test. See https://jestjs.io/docs/api#testname-fn-timeout.\"\n    at test (/home/kavia/workspace/code-generation/data-management-dashboard-144914-144923/mongodb_dashboard_backend/src/utils/app.startup.test.js:24:3)\n    at _dispatchDescribe (/home/kavia/workspace/code-generation/data-management-dashboard-144914-144923/mongodb_dashboard_backend/node_modules/jest-circus/build/index.js:91:26)\n    at describe (/home/kavia/workspace/code-generation/data-management-dashboard-144914-144923/mongodb_dashboard_backend/node_modules/jest-circus/build/index.js:55:5)\n    at Object.describe (/home/kavia/workspace/code-generation/data-management-dashboard-144914-144923/mongodb_dashboard_backend/src/utils/app.startup.test.js:12:1)\n    at Runtime._execModule (/home/kavia/workspace/code-generation/data-management-dashboard-144914-144923/mongodb_dashboard_backend/node_modules/jest-runtime/build/index.js:1439:24)\n    at Runtime._loadModule (/home/kavia/workspace/code-generation/data-management-dashboard-144914-144923/mongodb_dashboard_backend/node_modules/jest-runtime/build/index.js:1022:12)\n    at Runtime.requireModule (/home/kavia/workspace/code-generation/data-management-dashboard-144914-144923/mongodb_dashboard_backend/node_modules/jest-runtime/build/index.js:882:12)\n    at jestAdapter (/home/kavia/workspace/code-generation/data-management-dashboard-144914-144923/mongodb_dashboard_backend/node_modules/jest-circus/build/legacy-code-todo-rewrite/jestAdapter.js:77:13)\n    at processTicksAndRejections (node:internal/process/task_queues:95:5)\n    at runTestInternal (/home/kavia/workspace/code-generation/data-management-dashboard-144914-144923/mongodb_dashboard_backend/node_modules/jest-runner/build/runTest.js:367:16)\n    at runTest (/home/kavia/workspace/code-generation/data-management-dashboard-144914-144923/mongodb_dashboard_backend/node_modules/jest-runner/build/runTest.js:444:34)\n    at Object.worker (/home/kavia/workspace/code-generation/data-management-dashboard-144914-144923/mongodb_dashboard_backend/node_modules/jest-runner/build/testWorker.js:106:12)"],"fullName":"Startup and DB readiness returns 503 on /api/users when DB not connected","invocations":1,"location":null,"numPassingAsserts":0,"retryReasons":[],"status":"failed","title":"returns 503 on /api/users when DB not connected"}],"endTime":1761544763934,"message":"  ● Startup and DB readiness › returns 503 on /api/users when DB not connected\n\n    thrown: \"Exceeded timeout of 5000 ms for a test.\n    Add a timeout value to this test to increase the timeout, if this is a long-running test. See https://jestjs.io/docs/api#testname-fn-timeout.\"\n\n    \u001b[0m \u001b[90m 22 |\u001b[39m   })\u001b[33m;\u001b[39m\n     \u001b[90m 23 |\u001b[39m\n    \u001b[31m\u001b[1m>\u001b[22m\u001b[39m\u001b[90m 24 |\u001b[39m   test(\u001b[32m'returns 503 on /api/users when DB not connected'\u001b[39m\u001b[33m,\u001b[39m \u001b[36masync\u001b[39m () \u001b[33m=>\u001b[39m {\n     \u001b[90m    |\u001b[39m   \u001b[31m\u001b[1m^\u001b[22m\u001b[39m\n     \u001b[90m 25 |\u001b[39m     \u001b[90m// Force simulate disconnected state if possible\u001b[39m\n     \u001b[90m 26 |\u001b[39m     \u001b[33mObject\u001b[39m\u001b[33m.\u001b[39mdefineProperty(mongoose\u001b[33m.\u001b[39mconnection\u001b[33m,\u001b[39m \u001b[32m'readyState'\u001b[39m\u001b[33m,\u001b[39m { value\u001b[33m:\u001b[39m \u001b[35m0\u001b[39m\u001b[33m,\u001b[39m configurable\u001b[33m:\u001b[39m \u001b[36mtrue\u001b[39m })\u001b[33m;\u001b[39m\n     \u001b[90m 27 |\u001b[39m     \u001b[36mconst\u001b[39m res \u001b[33m=\u001b[39m \u001b[36mawait\u001b[39m request(app)\u001b[33m.\u001b[39m\u001b[36mget\u001b[39m(\u001b[32m'/api/users'\u001b[39m)\u001b[33m;\u001b[39m\u001b[0m\n\n      at test (src/utils/app.startup.test.js:24:3)\n      at Object.describe (src/utils/app.startup.test.js:12:1)\n","name":"/home/kavia/workspace/code-generation/data-management-dashboard-144914-144923/mongodb_dashboard_backend/src/utils/app.startup.test.js","startTime":1761544757419,"status":"failed","summary":""}],"wasInterrupted":false}
